<?xml version="1.0" encoding="UTF-8"?>
<<<<<<< HEAD
<testsuite name="hellodeco.HelloDecoTest" tests="1" skipped="0" failures="0" errors="0" timestamp="2022-08-05T03:41:43" hostname="VIET-PC" time="0.005">
=======
<testsuite name="hellodeco.HelloDecoTest" tests="1" skipped="0" failures="0" errors="0" timestamp="2022-08-05T03:40:47" hostname="QUOCDAT" time="0.005">
>>>>>>> 6db3d5307acf5281780cd24aae4ce0d7d1127031
  <properties/>
  <testcase name="mainTest" classname="hellodeco.HelloDecoTest" time="0.005"/>
  <system-out><![CDATA[]]></system-out>
  <system-err><![CDATA[]]></system-err>
</testsuite>
