<?xml version="1.0" encoding="UTF-8"?>
<<<<<<< HEAD
<testsuite name="hellodeco.CollaboratorsTest" tests="12" skipped="0" failures="0" errors="0" timestamp="2022-08-05T05:23:52" hostname="Rohan-PC" time="0.033">
  <properties/>
  <testcase name="external1TestAlphabetical" classname="hellodeco.CollaboratorsTest" time="0.02"/>
  <testcase name="tutorial3TestAlphabetical" classname="hellodeco.CollaboratorsTest" time="0.003"/>
  <testcase name="tutorial1TestNotNull" classname="hellodeco.CollaboratorsTest" time="0.001"/>
  <testcase name="tutorial2TestNotNull" classname="hellodeco.CollaboratorsTest" time="0.0"/>
  <testcase name="tutorial3TestNotNull" classname="hellodeco.CollaboratorsTest" time="0.0"/>
  <testcase name="tutorial1TestRickAstleyIsStillThere" classname="hellodeco.CollaboratorsTest" time="0.001"/>
  <testcase name="tutorial1TestAlphabetical" classname="hellodeco.CollaboratorsTest" time="0.004"/>
  <testcase name="external1TestNotNull" classname="hellodeco.CollaboratorsTest" time="0.0"/>
  <testcase name="tutorial2TestRickAstleyIsStillThere" classname="hellodeco.CollaboratorsTest" time="0.001"/>
  <testcase name="external1TestRickAstleyIsStillThere" classname="hellodeco.CollaboratorsTest" time="0.0"/>
  <testcase name="tutorial2TestAlphabetical" classname="hellodeco.CollaboratorsTest" time="0.002"/>
  <testcase name="tutorial3TestRickAstleyIsStillThere" classname="hellodeco.CollaboratorsTest" time="0.0"/>
=======
<testsuite name="hellodeco.CollaboratorsTest" tests="12" skipped="0" failures="0" errors="0" timestamp="2022-08-05T05:19:04" hostname="LACHLAN-LENOVO" time="0.045">
  <properties/>
  <testcase name="external1TestAlphabetical" classname="hellodeco.CollaboratorsTest" time="0.019"/>
  <testcase name="tutorial3TestAlphabetical" classname="hellodeco.CollaboratorsTest" time="0.003"/>
  <testcase name="tutorial1TestNotNull" classname="hellodeco.CollaboratorsTest" time="0.001"/>
  <testcase name="tutorial2TestNotNull" classname="hellodeco.CollaboratorsTest" time="0.001"/>
  <testcase name="tutorial3TestNotNull" classname="hellodeco.CollaboratorsTest" time="0.001"/>
  <testcase name="tutorial1TestRickAstleyIsStillThere" classname="hellodeco.CollaboratorsTest" time="0.002"/>
  <testcase name="tutorial1TestAlphabetical" classname="hellodeco.CollaboratorsTest" time="0.006"/>
  <testcase name="external1TestNotNull" classname="hellodeco.CollaboratorsTest" time="0.001"/>
  <testcase name="tutorial2TestRickAstleyIsStillThere" classname="hellodeco.CollaboratorsTest" time="0.002"/>
  <testcase name="external1TestRickAstleyIsStillThere" classname="hellodeco.CollaboratorsTest" time="0.001"/>
  <testcase name="tutorial2TestAlphabetical" classname="hellodeco.CollaboratorsTest" time="0.003"/>
  <testcase name="tutorial3TestRickAstleyIsStillThere" classname="hellodeco.CollaboratorsTest" time="0.001"/>
>>>>>>> 77564d96b48f33c2eade2cebfe6203b4ee08e173
  <system-out><![CDATA[]]></system-out>
  <system-err><![CDATA[]]></system-err>
</testsuite>
