<?xml version="1.0" encoding="UTF-8"?>
<testsuite name="hellodeco.HelloDecoTest" tests="1" skipped="0" failures="0" errors="0" timestamp="2022-08-05T04:05:56" hostname="DESKTOP-3BIVIAP" time="0.021">
  <properties/>
  <testcase name="mainTest" classname="hellodeco.HelloDecoTest" time="0.021"/>
  <system-out><![CDATA[]]></system-out>
  <system-err><![CDATA[]]></system-err>
</testsuite>
