<?xml version="1.0" encoding="UTF-8"?>
<testsuite name="hellodeco.CollaboratorsTest" tests="12" skipped="0" failures="0" errors="0" timestamp="2022-08-05T03:18:34" hostname="DESKTOP-TPE5GPO" time="0.162">
  <properties/>
  <testcase name="external1TestAlphabetical" classname="hellodeco.CollaboratorsTest" time="0.058"/>
  <testcase name="tutorial3TestAlphabetical" classname="hellodeco.CollaboratorsTest" time="0.018"/>
  <testcase name="tutorial1TestNotNull" classname="hellodeco.CollaboratorsTest" time="0.0"/>
  <testcase name="tutorial2TestNotNull" classname="hellodeco.CollaboratorsTest" time="0.001"/>
  <testcase name="tutorial3TestNotNull" classname="hellodeco.CollaboratorsTest" time="0.0"/>
  <testcase name="tutorial1TestRickAstleyIsStillThere" classname="hellodeco.CollaboratorsTest" time="0.019"/>
  <testcase name="tutorial1TestAlphabetical" classname="hellodeco.CollaboratorsTest" time="0.035"/>
  <testcase name="external1TestNotNull" classname="hellodeco.CollaboratorsTest" time="0.001"/>
  <testcase name="tutorial2TestRickAstleyIsStillThere" classname="hellodeco.CollaboratorsTest" time="0.005"/>
  <testcase name="external1TestRickAstleyIsStillThere" classname="hellodeco.CollaboratorsTest" time="0.003"/>
  <testcase name="tutorial2TestAlphabetical" classname="hellodeco.CollaboratorsTest" time="0.014"/>
  <testcase name="tutorial3TestRickAstleyIsStillThere" classname="hellodeco.CollaboratorsTest" time="0.002"/>
  <system-out><![CDATA[]]></system-out>
  <system-err><![CDATA[]]></system-err>
</testsuite>
