<?xml version="1.0" encoding="UTF-8"?>
<<<<<<< HEAD
<testsuite name="hellodeco.HelloDecoTest" tests="1" skipped="0" failures="0" errors="0" timestamp="2022-08-05T05:23:52" hostname="Rohan-PC" time="0.005">
=======
<testsuite name="hellodeco.HelloDecoTest" tests="1" skipped="0" failures="0" errors="0" timestamp="2022-08-05T05:19:04" hostname="LACHLAN-LENOVO" time="0.005">
>>>>>>> 77564d96b48f33c2eade2cebfe6203b4ee08e173
  <properties/>
  <testcase name="mainTest" classname="hellodeco.HelloDecoTest" time="0.005"/>
  <system-out><![CDATA[]]></system-out>
  <system-err><![CDATA[]]></system-err>
</testsuite>
