<?xml version="1.0" encoding="UTF-8"?>
<<<<<<< HEAD
<testsuite name="hellodeco.HelloDecoTest" tests="1" skipped="0" failures="0" errors="0" timestamp="2022-08-05T03:50:55" hostname="DESKTOP-7V47IBP" time="0.004">
  <properties/>
  <testcase name="mainTest" classname="hellodeco.HelloDecoTest" time="0.004"/>
=======
<testsuite name="hellodeco.HelloDecoTest" tests="1" skipped="0" failures="0" errors="0" timestamp="2022-08-05T03:54:00" hostname="LAPTOP-INNAFUGK" time="0.003">
  <properties/>
  <testcase name="mainTest" classname="hellodeco.HelloDecoTest" time="0.003"/>
>>>>>>> 2a1c676c8719cdd2676444a710f59815703f81fd
  <system-out><![CDATA[]]></system-out>
  <system-err><![CDATA[]]></system-err>
</testsuite>
