<?xml version="1.0" encoding="UTF-8"?>
<testsuite name="hellodeco.HelloDecoTest" tests="1" skipped="0" failures="0" errors="0" timestamp="2022-08-05T01:37:15" hostname="DESKTOP-VU5KGE5" time="0.003">
  <properties/>
  <testcase name="mainTest" classname="hellodeco.HelloDecoTest" time="0.003"/>
  <system-out><![CDATA[]]></system-out>
  <system-err><![CDATA[]]></system-err>
</testsuite>
