<?xml version="1.0" encoding="UTF-8"?>
<testsuite name="hellodeco.CollaboratorsTest" tests="12" skipped="0" failures="0" errors="0" timestamp="2022-08-05T06:08:25" hostname="d-i89-197-252.student.eduroam.uq.edu.au" time="0.068">
  <properties/>
  <testcase name="external1TestAlphabetical" classname="hellodeco.CollaboratorsTest" time="0.018"/>
  <testcase name="tutorial3TestAlphabetical" classname="hellodeco.CollaboratorsTest" time="0.016"/>
  <testcase name="tutorial1TestNotNull" classname="hellodeco.CollaboratorsTest" time="0.0"/>
  <testcase name="tutorial2TestNotNull" classname="hellodeco.CollaboratorsTest" time="0.0"/>
  <testcase name="tutorial3TestNotNull" classname="hellodeco.CollaboratorsTest" time="0.0"/>
  <testcase name="tutorial1TestRickAstleyIsStillThere" classname="hellodeco.CollaboratorsTest" time="0.002"/>
  <testcase name="tutorial1TestAlphabetical" classname="hellodeco.CollaboratorsTest" time="0.019"/>
  <testcase name="external1TestNotNull" classname="hellodeco.CollaboratorsTest" time="0.001"/>
  <testcase name="tutorial2TestRickAstleyIsStillThere" classname="hellodeco.CollaboratorsTest" time="0.005"/>
  <testcase name="external1TestRickAstleyIsStillThere" classname="hellodeco.CollaboratorsTest" time="0.0"/>
  <testcase name="tutorial2TestAlphabetical" classname="hellodeco.CollaboratorsTest" time="0.001"/>
  <testcase name="tutorial3TestRickAstleyIsStillThere" classname="hellodeco.CollaboratorsTest" time="0.002"/>
  <system-out><![CDATA[]]></system-out>
  <system-err><![CDATA[]]></system-err>
</testsuite>
