<?xml version="1.0" encoding="UTF-8"?>
<<<<<<< HEAD
<testsuite name="hellodeco.HelloDecoTest" tests="1" skipped="0" failures="0" errors="0" timestamp="2022-08-05T03:19:21" hostname="DESKTOP-7V47IBP" time="0.018">
  <properties/>
  <testcase name="mainTest" classname="hellodeco.HelloDecoTest" time="0.018"/>
=======
<testsuite name="hellodeco.HelloDecoTest" tests="1" skipped="0" failures="0" errors="0" timestamp="2022-08-05T03:38:45" hostname="wangwenfengdeMacBook.local" time="0.009">
  <properties/>
  <testcase name="mainTest" classname="hellodeco.HelloDecoTest" time="0.009"/>
>>>>>>> c255b6b1bc659f8cf1b95c675a83223dfebaccfd
  <system-out><![CDATA[]]></system-out>
  <system-err><![CDATA[]]></system-err>
</testsuite>
